
> angular2-demo@1.0.0 start /Users/jaspreetsingh/Downloads/angular2-seed
> concurrent "npm run tsc:w" "npm run lite" 

[1] 
[1] > angular2-demo@1.0.0 lite /Users/jaspreetsingh/Downloads/angular2-seed
[1] > lite-server
[1] 
[0] 
[0] > angular2-demo@1.0.0 tsc:w /Users/jaspreetsingh/Downloads/angular2-seed
[0] > tsc -w
[0] 
[1] Did not detect a `bs-config.json` or `bs-config.js` override file. Using lite-server defaults...
[1] ** browser-sync config **
[1] { injectChanges: false,
[1]   files: [ './**/*.{html,htm,css,js}' ],
[1]   watchOptions: { ignored: 'node_modules' },
[1]   server: { baseDir: './', middleware: [ [Function], [Function] ] } }
[1] [BS] Access URLs:
[1]  ---------------------------------------
[1]        Local: http://localhost:3000
[1]     External: http://192.168.10.180:3000
[1]  ---------------------------------------
[1]           UI: http://localhost:3001
[1]  UI External: http://192.168.10.180:3001
[1]  ---------------------------------------
[1] [BS] Serving files from: ./
[1] [BS] Watching files...
[1] [90m17.01.16 13:05:04[0m [36m304[0m [35mGET[0m [90m/index.html[0m
[1] [90m17.01.16 13:05:05[0m [36m304[0m [35mGET[0m [90m/app/app.ts[0m
[1] [90m17.01.16 13:05:05[0m [36m304[0m [35mGET[0m [90m/app/component/EmployeeGrid.ts[0m
[1] [90m17.01.16 13:05:05[0m [36m304[0m [35mGET[0m [90m/app/Component/EmployeePopup.ts[0m
[1] [90m17.01.16 13:05:06[0m [36m304[0m [35mGET[0m [90m/app/html/main.html[0m
[1] [90m17.01.16 13:05:06[0m [36m304[0m [35mGET[0m [90m/app/html/grid.html[0m
[1] [90m17.01.16 13:05:06[0m [36m304[0m [35mGET[0m [90m/app/html/popup.html[0m
[0] node_modules/angular2/platform/browser.d.ts(77,90): error TS2304: Cannot find name 'Promise'.
[0] node_modules/angular2/src/common/pipes/async_pipe.d.ts(25,38): error TS2304: Cannot find name 'Promise'.
[0] node_modules/angular2/src/core/application_ref.d.ts(83,60): error TS2304: Cannot find name 'Promise'.
[0] node_modules/angular2/src/core/application_ref.d.ts(83,146): error TS2304: Cannot find name 'Promise'.
[0] node_modules/angular2/src/core/application_ref.d.ts(96,51): error TS2304: Cannot find name 'Promise'.
[0] node_modules/angular2/src/core/application_ref.d.ts(96,147): error TS2304: Cannot find name 'Promise'.
[0] node_modules/angular2/src/core/application_ref.d.ts(133,90): error TS2304: Cannot find name 'Promise'.
[0] node_modules/angular2/src/core/application_ref.d.ts(171,81): error TS2304: Cannot find name 'Promise'.
[0] node_modules/angular2/src/core/change_detection/parser/locals.d.ts(3,14): error TS2304: Cannot find name 'Map'.
[0] node_modules/angular2/src/core/change_detection/parser/locals.d.ts(4,42): error TS2304: Cannot find name 'Map'.
[0] node_modules/angular2/src/core/debug/debug_node.d.ts(14,13): error TS2304: Cannot find name 'Map'.
[0] node_modules/angular2/src/core/debug/debug_node.d.ts(24,17): error TS2304: Cannot find name 'Map'.
[0] node_modules/angular2/src/core/debug/debug_node.d.ts(25,17): error TS2304: Cannot find name 'Map'.
[0] node_modules/angular2/src/core/di/provider.d.ts(436,103): error TS2304: Cannot find name 'Map'.
[0] node_modules/angular2/src/core/di/provider.d.ts(436,135): error TS2304: Cannot find name 'Map'.
[0] node_modules/angular2/src/core/linker/compiler.d.ts(12,50): error TS2304: Cannot find name 'Promise'.
[0] node_modules/angular2/src/core/linker/compiler.d.ts(16,41): error TS2304: Cannot find name 'Promise'.
[0] node_modules/angular2/src/core/linker/dynamic_component_loader.d.ts(108,136): error TS2304: Cannot find name 'Promise'.
[0] node_modules/angular2/src/core/linker/dynamic_component_loader.d.ts(156,150): error TS2304: Cannot find name 'Promise'.
[0] node_modules/angular2/src/core/linker/dynamic_component_loader.d.ts(197,128): error TS2304: Cannot find name 'Promise'.
[0] node_modules/angular2/src/core/linker/dynamic_component_loader.d.ts(203,127): error TS2304: Cannot find name 'Promise'.
[0] node_modules/angular2/src/core/linker/dynamic_component_loader.d.ts(204,141): error TS2304: Cannot find name 'Promise'.
[0] node_modules/angular2/src/core/linker/dynamic_component_loader.d.ts(205,119): error TS2304: Cannot find name 'Promise'.
[0] node_modules/angular2/src/core/render/api.d.ts(13,13): error TS2304: Cannot find name 'Map'.
[0] node_modules/angular2/src/core/render/api.d.ts(14,84): error TS2304: Cannot find name 'Map'.
[0] node_modules/angular2/src/facade/async.d.ts(27,33): error TS2304: Cannot find name 'Promise'.
[0] node_modules/angular2/src/facade/async.d.ts(28,45): error TS2304: Cannot find name 'Promise'.
[0] node_modules/angular2/src/facade/collection.d.ts(1,25): error TS2304: Cannot find name 'MapConstructor'.
[0] node_modules/angular2/src/facade/collection.d.ts(2,25): error TS2304: Cannot find name 'SetConstructor'.
[0] node_modules/angular2/src/facade/collection.d.ts(4,27): error TS2304: Cannot find name 'Map'.
[0] node_modules/angular2/src/facade/collection.d.ts(4,39): error TS2304: Cannot find name 'Map'.
[0] node_modules/angular2/src/facade/collection.d.ts(7,9): error TS2304: Cannot find name 'Map'.
[0] node_modules/angular2/src/facade/collection.d.ts(8,30): error TS2304: Cannot find name 'Map'.
[0] node_modules/angular2/src/facade/collection.d.ts(11,43): error TS2304: Cannot find name 'Map'.
[0] node_modules/angular2/src/facade/collection.d.ts(12,27): error TS2304: Cannot find name 'Map'.
[0] node_modules/angular2/src/facade/collection.d.ts(14,23): error TS2304: Cannot find name 'Map'.
[0] node_modules/angular2/src/facade/collection.d.ts(15,25): error TS2304: Cannot find name 'Map'.
[0] node_modules/angular2/src/facade/collection.d.ts(95,41): error TS2304: Cannot find name 'Set'.
[0] node_modules/angular2/src/facade/collection.d.ts(96,22): error TS2304: Cannot find name 'Set'.
[0] node_modules/angular2/src/facade/collection.d.ts(97,25): error TS2304: Cannot find name 'Set'.
[0] node_modules/angular2/src/facade/lang.d.ts(13,17): error TS2304: Cannot find name 'Map'.
[0] node_modules/angular2/src/facade/lang.d.ts(14,17): error TS2304: Cannot find name 'Set'.
[0] node_modules/angular2/src/facade/lang.d.ts(78,59): error TS2304: Cannot find name 'Map'.
[0] node_modules/angular2/src/facade/promise.d.ts(2,14): error TS2304: Cannot find name 'Promise'.
[0] node_modules/angular2/src/facade/promise.d.ts(7,32): error TS2304: Cannot find name 'Promise'.
[0] node_modules/angular2/src/facade/promise.d.ts(8,38): error TS2304: Cannot find name 'Promise'.
[0] node_modules/angular2/src/facade/promise.d.ts(9,35): error TS2304: Cannot find name 'Promise'.
[0] node_modules/angular2/src/facade/promise.d.ts(9,93): error TS2304: Cannot find name 'Promise'.
[0] node_modules/angular2/src/facade/promise.d.ts(10,34): error TS2304: Cannot find name 'Promise'.
[0] node_modules/angular2/src/facade/promise.d.ts(11,32): error TS2304: Cannot find name 'Promise'.
[0] node_modules/angular2/src/facade/promise.d.ts(11,149): error TS2304: Cannot find name 'Promise'.
[0] node_modules/angular2/src/facade/promise.d.ts(12,43): error TS2304: Cannot find name 'Promise'.
[0] node_modules/angular2/src/platform/browser/browser_adapter.d.ts(75,33): error TS2304: Cannot find name 'Map'.
[0] node_modules/angular2/src/platform/dom/dom_adapter.d.ts(85,42): error TS2304: Cannot find name 'Map'.
[0] node_modules/rxjs/CoreOperators.d.ts(35,67): error TS2304: Cannot find name 'Promise'.
[0] node_modules/rxjs/CoreOperators.d.ts(50,66): error TS2304: Cannot find name 'Promise'.
[0] node_modules/rxjs/CoreOperators.d.ts(89,67): error TS2304: Cannot find name 'Promise'.
[0] node_modules/rxjs/CoreOperators.d.ts(94,38): error TS2304: Cannot find name 'Promise'.
[0] node_modules/rxjs/CoreOperators.d.ts(94,50): error TS2304: Cannot find name 'Promise'.
[0] node_modules/rxjs/Observable.d.ts(46,62): error TS2304: Cannot find name 'Promise'.
[0] node_modules/rxjs/Observable.d.ts(47,42): error TS2304: Cannot find name 'Iterator'.
[0] node_modules/rxjs/Observable.d.ts(103,74): error TS2304: Cannot find name 'Promise'.
[0] node_modules/rxjs/Observable.d.ts(103,84): error TS2304: Cannot find name 'Promise'.
[0] node_modules/rxjs/Observable.d.ts(143,66): error TS2304: Cannot find name 'Promise'.
[0] node_modules/rxjs/Observable.d.ts(158,65): error TS2304: Cannot find name 'Promise'.
[0] node_modules/rxjs/Observable.d.ts(201,66): error TS2304: Cannot find name 'Promise'.
[0] node_modules/rxjs/Observable.d.ts(206,38): error TS2304: Cannot find name 'Promise'.
[0] node_modules/rxjs/Observable.d.ts(206,50): error TS2304: Cannot find name 'Promise'.
[0] node_modules/rxjs/observable/ForkJoinObservable.d.ts(6,50): error TS2304: Cannot find name 'Promise'.
[0] node_modules/rxjs/observable/ForkJoinObservable.d.ts(7,58): error TS2304: Cannot find name 'Promise'.
[0] node_modules/rxjs/observable/FromObservable.d.ts(7,38): error TS2304: Cannot find name 'Promise'.
[0] node_modules/rxjs/observable/FromObservable.d.ts(7,51): error TS2304: Cannot find name 'Iterator'.
[0] node_modules/rxjs/observable/PromiseObservable.d.ts(9,31): error TS2304: Cannot find name 'Promise'.
[0] node_modules/rxjs/observable/PromiseObservable.d.ts(10,26): error TS2304: Cannot find name 'Promise'.
[0] app/app.ts(3,28): error TS2307: Cannot find module 'app/component/EmployeeGrid'.
[0] app/component/EmployeeGrid.ts(3,29): error TS2307: Cannot find module 'app/Component/EmployeePopup'.
[0] app/component/EmployeeGrid.ts(55,5): error TS2322: Type '{}' is not assignable to type '{ id: number; name: string; email: string; phone: string; sex: string; }'.
[0]   Property 'id' is missing in type '{}'.
[0] 1:05:06 PM - Compilation complete. Watching for file changes.
[1] [BS] File changed: app/app.js
[1] [BS] File changed: app/component/EmployeeGrid.js
[1] [BS] File changed: app/component/EmployeePopup.js
[1] [90m17.01.16 13:05:06[0m [36m304[0m [35mGET[0m [90m/index.html[0m
[1] [90m17.01.16 13:05:17[0m [36m304[0m [35mGET[0m [90m/app/app.ts[0m
[1] [90m17.01.16 13:05:17[0m [36m304[0m [35mGET[0m [90m/app/component/EmployeeGrid.ts[0m
[1] [90m17.01.16 13:05:17[0m [36m304[0m [35mGET[0m [90m/app/Component/EmployeePopup.ts[0m
[1] [90m17.01.16 13:05:17[0m [36m304[0m [35mGET[0m [90m/app/html/main.html[0m
[1] [90m17.01.16 13:05:17[0m [36m304[0m [35mGET[0m [90m/app/html/grid.html[0m
[1] [90m17.01.16 13:05:17[0m [36m304[0m [35mGET[0m [90m/app/html/popup.html[0m

> angular2-demo@1.0.0 start /Users/jaspreetsingh/Downloads/angular2-seed
> concurrent "npm run tsc:w" "npm run lite" 

[1] 
[1] > angular2-demo@1.0.0 lite /Users/jaspreetsingh/Downloads/angular2-seed
[1] > lite-server
[1] 
[0] 
[0] > angular2-demo@1.0.0 tsc:w /Users/jaspreetsingh/Downloads/angular2-seed
[0] > tsc -w
[0] 
[1] Did not detect a `bs-config.json` or `bs-config.js` override file. Using lite-server defaults...
[1] ** browser-sync config **
[1] { injectChanges: false,
[1]   files: [ './**/*.{html,htm,css,js}' ],
[1]   watchOptions: { ignored: 'node_modules' },
[1]   server: { baseDir: './', middleware: [ [Function], [Function] ] } }
[1] [BS] Access URLs:
[1]  ---------------------------------------
[1]        Local: http://localhost:3000
[1]     External: http://192.168.10.180:3000
[1]  ---------------------------------------
[1]           UI: http://localhost:3001
[1]  UI External: http://192.168.10.180:3001
[1]  ---------------------------------------
[1] [BS] Serving files from: ./
[1] [BS] Watching files...
[1] [90m17.01.16 13:21:49[0m [36m304[0m [35mGET[0m [90m/index.html[0m
[1] [90m17.01.16 13:21:49[0m [36m304[0m [35mGET[0m [90m/app/app.ts[0m
[1] [90m17.01.16 13:21:49[0m [36m304[0m [35mGET[0m [90m/app/component/EmployeeGrid.ts[0m
[1] [90m17.01.16 13:21:49[0m [36m304[0m [35mGET[0m [90m/app/Component/EmployeePopup.ts[0m
[1] [90m17.01.16 13:21:50[0m [36m304[0m [35mGET[0m [90m/app/html/main.html[0m
[1] [90m17.01.16 13:21:50[0m [36m304[0m [35mGET[0m [90m/app/html/grid.html[0m
[1] [90m17.01.16 13:21:50[0m [36m304[0m [35mGET[0m [90m/app/html/popup.html[0m
[0] node_modules/angular2/platform/browser.d.ts(77,90): error TS2304: Cannot find name 'Promise'.
[0] node_modules/angular2/src/common/pipes/async_pipe.d.ts(25,38): error TS2304: Cannot find name 'Promise'.
[0] node_modules/angular2/src/core/application_ref.d.ts(83,60): error TS2304: Cannot find name 'Promise'.
[0] node_modules/angular2/src/core/application_ref.d.ts(83,146): error TS2304: Cannot find name 'Promise'.
[0] node_modules/angular2/src/core/application_ref.d.ts(96,51): error TS2304: Cannot find name 'Promise'.
[0] node_modules/angular2/src/core/application_ref.d.ts(96,147): error TS2304: Cannot find name 'Promise'.
[0] node_modules/angular2/src/core/application_ref.d.ts(133,90): error TS2304: Cannot find name 'Promise'.
[0] node_modules/angular2/src/core/application_ref.d.ts(171,81): error TS2304: Cannot find name 'Promise'.
[0] node_modules/angular2/src/core/change_detection/parser/locals.d.ts(3,14): error TS2304: Cannot find name 'Map'.
[0] node_modules/angular2/src/core/change_detection/parser/locals.d.ts(4,42): error TS2304: Cannot find name 'Map'.
[0] node_modules/angular2/src/core/debug/debug_node.d.ts(14,13): error TS2304: Cannot find name 'Map'.
[0] node_modules/angular2/src/core/debug/debug_node.d.ts(24,17): error TS2304: Cannot find name 'Map'.
[0] node_modules/angular2/src/core/debug/debug_node.d.ts(25,17): error TS2304: Cannot find name 'Map'.
[0] node_modules/angular2/src/core/di/provider.d.ts(436,103): error TS2304: Cannot find name 'Map'.
[0] node_modules/angular2/src/core/di/provider.d.ts(436,135): error TS2304: Cannot find name 'Map'.
[0] node_modules/angular2/src/core/linker/compiler.d.ts(12,50): error TS2304: Cannot find name 'Promise'.
[0] node_modules/angular2/src/core/linker/compiler.d.ts(16,41): error TS2304: Cannot find name 'Promise'.
[0] node_modules/angular2/src/core/linker/dynamic_component_loader.d.ts(108,136): error TS2304: Cannot find name 'Promise'.
[0] node_modules/angular2/src/core/linker/dynamic_component_loader.d.ts(156,150): error TS2304: Cannot find name 'Promise'.
[0] node_modules/angular2/src/core/linker/dynamic_component_loader.d.ts(197,128): error TS2304: Cannot find name 'Promise'.
[0] node_modules/angular2/src/core/linker/dynamic_component_loader.d.ts(203,127): error TS2304: Cannot find name 'Promise'.
[0] node_modules/angular2/src/core/linker/dynamic_component_loader.d.ts(204,141): error TS2304: Cannot find name 'Promise'.
[0] node_modules/angular2/src/core/linker/dynamic_component_loader.d.ts(205,119): error TS2304: Cannot find name 'Promise'.
[0] node_modules/angular2/src/core/render/api.d.ts(13,13): error TS2304: Cannot find name 'Map'.
[0] node_modules/angular2/src/core/render/api.d.ts(14,84): error TS2304: Cannot find name 'Map'.
[0] node_modules/angular2/src/facade/async.d.ts(27,33): error TS2304: Cannot find name 'Promise'.
[0] node_modules/angular2/src/facade/async.d.ts(28,45): error TS2304: Cannot find name 'Promise'.
[0] node_modules/angular2/src/facade/collection.d.ts(1,25): error TS2304: Cannot find name 'MapConstructor'.
[0] node_modules/angular2/src/facade/collection.d.ts(2,25): error TS2304: Cannot find name 'SetConstructor'.
[0] node_modules/angular2/src/facade/collection.d.ts(4,27): error TS2304: Cannot find name 'Map'.
[0] node_modules/angular2/src/facade/collection.d.ts(4,39): error TS2304: Cannot find name 'Map'.
[0] node_modules/angular2/src/facade/collection.d.ts(7,9): error TS2304: Cannot find name 'Map'.
[0] node_modules/angular2/src/facade/collection.d.ts(8,30): error TS2304: Cannot find name 'Map'.
[0] node_modules/angular2/src/facade/collection.d.ts(11,43): error TS2304: Cannot find name 'Map'.
[0] node_modules/angular2/src/facade/collection.d.ts(12,27): error TS2304: Cannot find name 'Map'.
[0] node_modules/angular2/src/facade/collection.d.ts(14,23): error TS2304: Cannot find name 'Map'.
[0] node_modules/angular2/src/facade/collection.d.ts(15,25): error TS2304: Cannot find name 'Map'.
[0] node_modules/angular2/src/facade/collection.d.ts(95,41): error TS2304: Cannot find name 'Set'.
[0] node_modules/angular2/src/facade/collection.d.ts(96,22): error TS2304: Cannot find name 'Set'.
[0] node_modules/angular2/src/facade/collection.d.ts(97,25): error TS2304: Cannot find name 'Set'.
[0] node_modules/angular2/src/facade/lang.d.ts(13,17): error TS2304: Cannot find name 'Map'.
[0] node_modules/angular2/src/facade/lang.d.ts(14,17): error TS2304: Cannot find name 'Set'.
[0] node_modules/angular2/src/facade/lang.d.ts(78,59): error TS2304: Cannot find name 'Map'.
[0] node_modules/angular2/src/facade/promise.d.ts(2,14): error TS2304: Cannot find name 'Promise'.
[0] node_modules/angular2/src/facade/promise.d.ts(7,32): error TS2304: Cannot find name 'Promise'.
[0] node_modules/angular2/src/facade/promise.d.ts(8,38): error TS2304: Cannot find name 'Promise'.
[0] node_modules/angular2/src/facade/promise.d.ts(9,35): error TS2304: Cannot find name 'Promise'.
[0] node_modules/angular2/src/facade/promise.d.ts(9,93): error TS2304: Cannot find name 'Promise'.
[0] node_modules/angular2/src/facade/promise.d.ts(10,34): error TS2304: Cannot find name 'Promise'.
[0] node_modules/angular2/src/facade/promise.d.ts(11,32): error TS2304: Cannot find name 'Promise'.
[0] node_modules/angular2/src/facade/promise.d.ts(11,149): error TS2304: Cannot find name 'Promise'.
[0] node_modules/angular2/src/facade/promise.d.ts(12,43): error TS2304: Cannot find name 'Promise'.
[0] node_modules/angular2/src/platform/browser/browser_adapter.d.ts(75,33): error TS2304: Cannot find name 'Map'.
[0] node_modules/angular2/src/platform/dom/dom_adapter.d.ts(85,42): error TS2304: Cannot find name 'Map'.
[0] node_modules/rxjs/CoreOperators.d.ts(35,67): error TS2304: Cannot find name 'Promise'.
[0] node_modules/rxjs/CoreOperators.d.ts(50,66): error TS2304: Cannot find name 'Promise'.
[0] node_modules/rxjs/CoreOperators.d.ts(89,67): error TS2304: Cannot find name 'Promise'.
[0] node_modules/rxjs/CoreOperators.d.ts(94,38): error TS2304: Cannot find name 'Promise'.
[0] node_modules/rxjs/CoreOperators.d.ts(94,50): error TS2304: Cannot find name 'Promise'.
[0] node_modules/rxjs/Observable.d.ts(46,62): error TS2304: Cannot find name 'Promise'.
[0] node_modules/rxjs/Observable.d.ts(47,42): error TS2304: Cannot find name 'Iterator'.
[0] node_modules/rxjs/Observable.d.ts(103,74): error TS2304: Cannot find name 'Promise'.
[0] node_modules/rxjs/Observable.d.ts(103,84): error TS2304: Cannot find name 'Promise'.
[0] node_modules/rxjs/Observable.d.ts(143,66): error TS2304: Cannot find name 'Promise'.
[0] node_modules/rxjs/Observable.d.ts(158,65): error TS2304: Cannot find name 'Promise'.
[0] node_modules/rxjs/Observable.d.ts(201,66): error TS2304: Cannot find name 'Promise'.
[0] node_modules/rxjs/Observable.d.ts(206,38): error TS2304: Cannot find name 'Promise'.
[0] node_modules/rxjs/Observable.d.ts(206,50): error TS2304: Cannot find name 'Promise'.
[0] node_modules/rxjs/observable/ForkJoinObservable.d.ts(6,50): error TS2304: Cannot find name 'Promise'.
[0] node_modules/rxjs/observable/ForkJoinObservable.d.ts(7,58): error TS2304: Cannot find name 'Promise'.
[0] node_modules/rxjs/observable/FromObservable.d.ts(7,38): error TS2304: Cannot find name 'Promise'.
[0] node_modules/rxjs/observable/FromObservable.d.ts(7,51): error TS2304: Cannot find name 'Iterator'.
[0] node_modules/rxjs/observable/PromiseObservable.d.ts(9,31): error TS2304: Cannot find name 'Promise'.
[0] node_modules/rxjs/observable/PromiseObservable.d.ts(10,26): error TS2304: Cannot find name 'Promise'.
[0] app/app.ts(3,28): error TS2307: Cannot find module 'app/component/EmployeeGrid'.
[0] app/component/EmployeeGrid.ts(3,29): error TS2307: Cannot find module 'app/Component/EmployeePopup'.
[0] app/component/EmployeeGrid.ts(55,5): error TS2322: Type '{}' is not assignable to type '{ id: number; name: string; email: string; phone: string; sex: string; }'.
[0]   Property 'id' is missing in type '{}'.
[0] 1:21:50 PM - Compilation complete. Watching for file changes.
[1] [BS] File changed: app/app.js
[1] [BS] File changed: app/component/EmployeeGrid.js
[1] [BS] File changed: app/component/EmployeePopup.js
[1] [90m17.01.16 13:21:50[0m [36m304[0m [35mGET[0m [90m/index.html[0m
[1] [90m17.01.16 13:21:50[0m [36m304[0m [35mGET[0m [90m/index.html[0m

> angular2-demo@1.0.0 start /Users/jaspreetsingh/Downloads/angular2-seed
> concurrent "npm run tsc:w" "npm run lite" 

[0] 
[0] > angular2-demo@1.0.0 tsc:w /Users/jaspreetsingh/Downloads/angular2-seed
[0] > tsc -w
[0] 
[1] 
[1] > angular2-demo@1.0.0 lite /Users/jaspreetsingh/Downloads/angular2-seed
[1] > lite-server
[1] 
[1] Did not detect a `bs-config.json` or `bs-config.js` override file. Using lite-server defaults...
[1] ** browser-sync config **
[1] { injectChanges: false,
[1]   files: [ './**/*.{html,htm,css,js}' ],
[1]   watchOptions: { ignored: 'node_modules' },
[1]   server: { baseDir: './', middleware: [ [Function], [Function] ] } }
[1] [BS] Access URLs:
[1]  ---------------------------------------
[1]        Local: http://localhost:3002
[1]     External: http://192.168.10.180:3002
[1]  ---------------------------------------
[1]           UI: http://localhost:3003
[1]  UI External: http://192.168.10.180:3003
[1]  ---------------------------------------
[1] [BS] Serving files from: ./
[1] [BS] Watching files...
[1] [90m17.01.16 13:24:44[0m [32m200[0m [35mGET[0m [90m/index.html[0m
[1] [90m17.01.16 13:24:44[0m [32m200[0m [35mGET[0m [90m/app/app.ts[0m
[1] [90m17.01.16 13:24:44[0m [32m200[0m [35mGET[0m [90m/app/component/EmployeeGrid.ts[0m
[1] [90m17.01.16 13:24:45[0m [32m200[0m [35mGET[0m [90m/app/Component/EmployeePopup.ts[0m
[1] [90m17.01.16 13:24:45[0m [32m200[0m [35mGET[0m [90m/app/html/main.html[0m
[1] [90m17.01.16 13:24:45[0m [33m404[0m [35mGET[0m [90m/favicon.ico[0m
[1] [90m17.01.16 13:24:45[0m [32m200[0m [35mGET[0m [90m/app/html/grid.html[0m
[1] [90m17.01.16 13:24:45[0m [32m200[0m [35mGET[0m [90m/app/html/popup.html[0m
[0] node_modules/angular2/platform/browser.d.ts(77,90): error TS2304: Cannot find name 'Promise'.
[0] node_modules/angular2/src/common/pipes/async_pipe.d.ts(25,38): error TS2304: Cannot find name 'Promise'.
[0] node_modules/angular2/src/core/application_ref.d.ts(83,60): error TS2304: Cannot find name 'Promise'.
[0] node_modules/angular2/src/core/application_ref.d.ts(83,146): error TS2304: Cannot find name 'Promise'.
[0] node_modules/angular2/src/core/application_ref.d.ts(96,51): error TS2304: Cannot find name 'Promise'.
[0] node_modules/angular2/src/core/application_ref.d.ts(96,147): error TS2304: Cannot find name 'Promise'.
[0] node_modules/angular2/src/core/application_ref.d.ts(133,90): error TS2304: Cannot find name 'Promise'.
[0] node_modules/angular2/src/core/application_ref.d.ts(171,81): error TS2304: Cannot find name 'Promise'.
[0] node_modules/angular2/src/core/change_detection/parser/locals.d.ts(3,14): error TS2304: Cannot find name 'Map'.
[0] node_modules/angular2/src/core/change_detection/parser/locals.d.ts(4,42): error TS2304: Cannot find name 'Map'.
[0] node_modules/angular2/src/core/debug/debug_node.d.ts(14,13): error TS2304: Cannot find name 'Map'.
[0] node_modules/angular2/src/core/debug/debug_node.d.ts(24,17): error TS2304: Cannot find name 'Map'.
[0] node_modules/angular2/src/core/debug/debug_node.d.ts(25,17): error TS2304: Cannot find name 'Map'.
[0] node_modules/angular2/src/core/di/provider.d.ts(436,103): error TS2304: Cannot find name 'Map'.
[0] node_modules/angular2/src/core/di/provider.d.ts(436,135): error TS2304: Cannot find name 'Map'.
[0] node_modules/angular2/src/core/linker/compiler.d.ts(12,50): error TS2304: Cannot find name 'Promise'.
[0] node_modules/angular2/src/core/linker/compiler.d.ts(16,41): error TS2304: Cannot find name 'Promise'.
[0] node_modules/angular2/src/core/linker/dynamic_component_loader.d.ts(108,136): error TS2304: Cannot find name 'Promise'.
[0] node_modules/angular2/src/core/linker/dynamic_component_loader.d.ts(156,150): error TS2304: Cannot find name 'Promise'.
[0] node_modules/angular2/src/core/linker/dynamic_component_loader.d.ts(197,128): error TS2304: Cannot find name 'Promise'.
[0] node_modules/angular2/src/core/linker/dynamic_component_loader.d.ts(203,127): error TS2304: Cannot find name 'Promise'.
[0] node_modules/angular2/src/core/linker/dynamic_component_loader.d.ts(204,141): error TS2304: Cannot find name 'Promise'.
[0] node_modules/angular2/src/core/linker/dynamic_component_loader.d.ts(205,119): error TS2304: Cannot find name 'Promise'.
[0] node_modules/angular2/src/core/render/api.d.ts(13,13): error TS2304: Cannot find name 'Map'.
[0] node_modules/angular2/src/core/render/api.d.ts(14,84): error TS2304: Cannot find name 'Map'.
[0] node_modules/angular2/src/facade/async.d.ts(27,33): error TS2304: Cannot find name 'Promise'.
[0] node_modules/angular2/src/facade/async.d.ts(28,45): error TS2304: Cannot find name 'Promise'.
[0] node_modules/angular2/src/facade/collection.d.ts(1,25): error TS2304: Cannot find name 'MapConstructor'.
[0] node_modules/angular2/src/facade/collection.d.ts(2,25): error TS2304: Cannot find name 'SetConstructor'.
[0] node_modules/angular2/src/facade/collection.d.ts(4,27): error TS2304: Cannot find name 'Map'.
[0] node_modules/angular2/src/facade/collection.d.ts(4,39): error TS2304: Cannot find name 'Map'.
[0] node_modules/angular2/src/facade/collection.d.ts(7,9): error TS2304: Cannot find name 'Map'.
[0] node_modules/angular2/src/facade/collection.d.ts(8,30): error TS2304: Cannot find name 'Map'.
[0] node_modules/angular2/src/facade/collection.d.ts(11,43): error TS2304: Cannot find name 'Map'.
[0] node_modules/angular2/src/facade/collection.d.ts(12,27): error TS2304: Cannot find name 'Map'.
[0] node_modules/angular2/src/facade/collection.d.ts(14,23): error TS2304: Cannot find name 'Map'.
[0] node_modules/angular2/src/facade/collection.d.ts(15,25): error TS2304: Cannot find name 'Map'.
[0] node_modules/angular2/src/facade/collection.d.ts(95,41): error TS2304: Cannot find name 'Set'.
[0] node_modules/angular2/src/facade/collection.d.ts(96,22): error TS2304: Cannot find name 'Set'.
[0] node_modules/angular2/src/facade/collection.d.ts(97,25): error TS2304: Cannot find name 'Set'.
[0] node_modules/angular2/src/facade/lang.d.ts(13,17): error TS2304: Cannot find name 'Map'.
[0] node_modules/angular2/src/facade/lang.d.ts(14,17): error TS2304: Cannot find name 'Set'.
[0] node_modules/angular2/src/facade/lang.d.ts(78,59): error TS2304: Cannot find name 'Map'.
[0] node_modules/angular2/src/facade/promise.d.ts(2,14): error TS2304: Cannot find name 'Promise'.
[0] node_modules/angular2/src/facade/promise.d.ts(7,32): error TS2304: Cannot find name 'Promise'.
[0] node_modules/angular2/src/facade/promise.d.ts(8,38): error TS2304: Cannot find name 'Promise'.
[0] node_modules/angular2/src/facade/promise.d.ts(9,35): error TS2304: Cannot find name 'Promise'.
[0] node_modules/angular2/src/facade/promise.d.ts(9,93): error TS2304: Cannot find name 'Promise'.
[0] node_modules/angular2/src/facade/promise.d.ts(10,34): error TS2304: Cannot find name 'Promise'.
[0] node_modules/angular2/src/facade/promise.d.ts(11,32): error TS2304: Cannot find name 'Promise'.
[0] node_modules/angular2/src/facade/promise.d.ts(11,149): error TS2304: Cannot find name 'Promise'.
[0] node_modules/angular2/src/facade/promise.d.ts(12,43): error TS2304: Cannot find name 'Promise'.
[0] node_modules/angular2/src/platform/browser/browser_adapter.d.ts(75,33): error TS2304: Cannot find name 'Map'.
[0] node_modules/angular2/src/platform/dom/dom_adapter.d.ts(85,42): error TS2304: Cannot find name 'Map'.
[0] node_modules/rxjs/CoreOperators.d.ts(35,67): error TS2304: Cannot find name 'Promise'.
[0] node_modules/rxjs/CoreOperators.d.ts(50,66): error TS2304: Cannot find name 'Promise'.
[0] node_modules/rxjs/CoreOperators.d.ts(89,67): error TS2304: Cannot find name 'Promise'.
[0] node_modules/rxjs/CoreOperators.d.ts(94,38): error TS2304: Cannot find name 'Promise'.
[0] node_modules/rxjs/CoreOperators.d.ts(94,50): error TS2304: Cannot find name 'Promise'.
[0] node_modules/rxjs/Observable.d.ts(46,62): error TS2304: Cannot find name 'Promise'.
[0] node_modules/rxjs/Observable.d.ts(47,42): error TS2304: Cannot find name 'Iterator'.
[0] node_modules/rxjs/Observable.d.ts(103,74): error TS2304: Cannot find name 'Promise'.
[0] node_modules/rxjs/Observable.d.ts(103,84): error TS2304: Cannot find name 'Promise'.
[0] node_modules/rxjs/Observable.d.ts(143,66): error TS2304: Cannot find name 'Promise'.
[0] node_modules/rxjs/Observable.d.ts(158,65): error TS2304: Cannot find name 'Promise'.
[0] node_modules/rxjs/Observable.d.ts(201,66): error TS2304: Cannot find name 'Promise'.
[0] node_modules/rxjs/Observable.d.ts(206,38): error TS2304: Cannot find name 'Promise'.
[0] node_modules/rxjs/Observable.d.ts(206,50): error TS2304: Cannot find name 'Promise'.
[0] node_modules/rxjs/observable/ForkJoinObservable.d.ts(6,50): error TS2304: Cannot find name 'Promise'.
[0] node_modules/rxjs/observable/ForkJoinObservable.d.ts(7,58): error TS2304: Cannot find name 'Promise'.
[0] node_modules/rxjs/observable/FromObservable.d.ts(7,38): error TS2304: Cannot find name 'Promise'.
[0] node_modules/rxjs/observable/FromObservable.d.ts(7,51): error TS2304: Cannot find name 'Iterator'.
[0] node_modules/rxjs/observable/PromiseObservable.d.ts(9,31): error TS2304: Cannot find name 'Promise'.
[0] node_modules/rxjs/observable/PromiseObservable.d.ts(10,26): error TS2304: Cannot find name 'Promise'.
[0] app/app.ts(3,28): error TS2307: Cannot find module 'app/component/EmployeeGrid'.
[0] app/component/EmployeeGrid.ts(3,29): error TS2307: Cannot find module 'app/Component/EmployeePopup'.
[0] app/component/EmployeeGrid.ts(55,5): error TS2322: Type '{}' is not assignable to type '{ id: number; name: string; email: string; phone: string; sex: string; }'.
[0]   Property 'id' is missing in type '{}'.
[0] 1:24:45 PM - Compilation complete. Watching for file changes.
[1] [BS] File changed: app/app.js
[1] [BS] File changed: app/component/EmployeeGrid.js
[1] [BS] File changed: app/component/EmployeePopup.js
[1] [90m17.01.16 13:24:45[0m [36m304[0m [35mGET[0m [90m/index.html[0m
[1] [90m17.01.16 13:24:59[0m [36m304[0m [35mGET[0m [90m/app/app.ts[0m
[1] [90m17.01.16 13:24:59[0m [36m304[0m [35mGET[0m [90m/app/component/EmployeeGrid.ts[0m
[1] [90m17.01.16 13:24:59[0m [36m304[0m [35mGET[0m [90m/app/Component/EmployeePopup.ts[0m
[1] [90m17.01.16 13:25:00[0m [36m304[0m [35mGET[0m [90m/app/html/main.html[0m
[1] [90m17.01.16 13:25:00[0m [36m304[0m [35mGET[0m [90m/app/html/grid.html[0m
[1] [90m17.01.16 13:25:00[0m [36m304[0m [35mGET[0m [90m/app/html/popup.html[0m

> angular2-demo@1.0.0 start /Users/jaspreetsingh/Downloads/angular2-seed
> concurrent "npm run tsc:w" "npm run lite" 

[0] 
[0] > angular2-demo@1.0.0 tsc:w /Users/jaspreetsingh/Downloads/angular2-seed
[0] > tsc -w
[0] 
[1] 
[1] > angular2-demo@1.0.0 lite /Users/jaspreetsingh/Downloads/angular2-seed
[1] > lite-server
[1] 
[1] Did not detect a `bs-config.json` or `bs-config.js` override file. Using lite-server defaults...
[1] ** browser-sync config **
[1] { injectChanges: false,
[1]   files: [ './**/*.{html,htm,css,js}' ],
[1]   watchOptions: { ignored: 'node_modules' },
[1]   server: { baseDir: './', middleware: [ [Function], [Function] ] } }
[1] [BS] Access URLs:
[1]  ---------------------------------------
[1]        Local: http://localhost:3004
[1]     External: http://192.168.10.180:3004
[1]  ---------------------------------------
[1]           UI: http://localhost:3005
[1]  UI External: http://192.168.10.180:3005
[1]  ---------------------------------------
[1] [BS] Serving files from: ./
[1] [BS] Watching files...
[1] [90m17.01.16 13:25:22[0m [32m200[0m [35mGET[0m [90m/index.html[0m
[1] [90m17.01.16 13:25:23[0m [32m200[0m [35mGET[0m [90m/app/app.ts[0m
[1] [90m17.01.16 13:25:23[0m [32m200[0m [35mGET[0m [90m/app/component/EmployeeGrid.ts[0m
[1] [90m17.01.16 13:25:23[0m [32m200[0m [35mGET[0m [90m/app/Component/EmployeePopup.ts[0m
[1] [90m17.01.16 13:25:23[0m [32m200[0m [35mGET[0m [90m/app/html/main.html[0m
[1] [90m17.01.16 13:25:23[0m [32m200[0m [35mGET[0m [90m/app/html/grid.html[0m
[1] [90m17.01.16 13:25:23[0m [33m404[0m [35mGET[0m [90m/favicon.ico[0m
[1] [90m17.01.16 13:25:24[0m [32m200[0m [35mGET[0m [90m/app/html/popup.html[0m
[0] node_modules/angular2/platform/browser.d.ts(77,90): error TS2304: Cannot find name 'Promise'.
[0] node_modules/angular2/src/common/pipes/async_pipe.d.ts(25,38): error TS2304: Cannot find name 'Promise'.
[0] node_modules/angular2/src/core/application_ref.d.ts(83,60): error TS2304: Cannot find name 'Promise'.
[0] node_modules/angular2/src/core/application_ref.d.ts(83,146): error TS2304: Cannot find name 'Promise'.
[0] node_modules/angular2/src/core/application_ref.d.ts(96,51): error TS2304: Cannot find name 'Promise'.
[0] node_modules/angular2/src/core/application_ref.d.ts(96,147): error TS2304: Cannot find name 'Promise'.
[0] node_modules/angular2/src/core/application_ref.d.ts(133,90): error TS2304: Cannot find name 'Promise'.
[0] node_modules/angular2/src/core/application_ref.d.ts(171,81): error TS2304: Cannot find name 'Promise'.
[0] node_modules/angular2/src/core/change_detection/parser/locals.d.ts(3,14): error TS2304: Cannot find name 'Map'.
[0] node_modules/angular2/src/core/change_detection/parser/locals.d.ts(4,42): error TS2304: Cannot find name 'Map'.
[0] node_modules/angular2/src/core/debug/debug_node.d.ts(14,13): error TS2304: Cannot find name 'Map'.
[0] node_modules/angular2/src/core/debug/debug_node.d.ts(24,17): error TS2304: Cannot find name 'Map'.
[0] node_modules/angular2/src/core/debug/debug_node.d.ts(25,17): error TS2304: Cannot find name 'Map'.
[0] node_modules/angular2/src/core/di/provider.d.ts(436,103): error TS2304: Cannot find name 'Map'.
[0] node_modules/angular2/src/core/di/provider.d.ts(436,135): error TS2304: Cannot find name 'Map'.
[0] node_modules/angular2/src/core/linker/compiler.d.ts(12,50): error TS2304: Cannot find name 'Promise'.
[0] node_modules/angular2/src/core/linker/compiler.d.ts(16,41): error TS2304: Cannot find name 'Promise'.
[0] node_modules/angular2/src/core/linker/dynamic_component_loader.d.ts(108,136): error TS2304: Cannot find name 'Promise'.
[0] node_modules/angular2/src/core/linker/dynamic_component_loader.d.ts(156,150): error TS2304: Cannot find name 'Promise'.
[0] node_modules/angular2/src/core/linker/dynamic_component_loader.d.ts(197,128): error TS2304: Cannot find name 'Promise'.
[0] node_modules/angular2/src/core/linker/dynamic_component_loader.d.ts(203,127): error TS2304: Cannot find name 'Promise'.
[0] node_modules/angular2/src/core/linker/dynamic_component_loader.d.ts(204,141): error TS2304: Cannot find name 'Promise'.
[0] node_modules/angular2/src/core/linker/dynamic_component_loader.d.ts(205,119): error TS2304: Cannot find name 'Promise'.
[0] node_modules/angular2/src/core/render/api.d.ts(13,13): error TS2304: Cannot find name 'Map'.
[0] node_modules/angular2/src/core/render/api.d.ts(14,84): error TS2304: Cannot find name 'Map'.
[0] node_modules/angular2/src/facade/async.d.ts(27,33): error TS2304: Cannot find name 'Promise'.
[0] node_modules/angular2/src/facade/async.d.ts(28,45): error TS2304: Cannot find name 'Promise'.
[0] node_modules/angular2/src/facade/collection.d.ts(1,25): error TS2304: Cannot find name 'MapConstructor'.
[0] node_modules/angular2/src/facade/collection.d.ts(2,25): error TS2304: Cannot find name 'SetConstructor'.
[0] node_modules/angular2/src/facade/collection.d.ts(4,27): error TS2304: Cannot find name 'Map'.
[0] node_modules/angular2/src/facade/collection.d.ts(4,39): error TS2304: Cannot find name 'Map'.
[0] node_modules/angular2/src/facade/collection.d.ts(7,9): error TS2304: Cannot find name 'Map'.
[0] node_modules/angular2/src/facade/collection.d.ts(8,30): error TS2304: Cannot find name 'Map'.
[0] node_modules/angular2/src/facade/collection.d.ts(11,43): error TS2304: Cannot find name 'Map'.
[0] node_modules/angular2/src/facade/collection.d.ts(12,27): error TS2304: Cannot find name 'Map'.
[0] node_modules/angular2/src/facade/collection.d.ts(14,23): error TS2304: Cannot find name 'Map'.
[0] node_modules/angular2/src/facade/collection.d.ts(15,25): error TS2304: Cannot find name 'Map'.
[0] node_modules/angular2/src/facade/collection.d.ts(95,41): error TS2304: Cannot find name 'Set'.
[0] node_modules/angular2/src/facade/collection.d.ts(96,22): error TS2304: Cannot find name 'Set'.
[0] node_modules/angular2/src/facade/collection.d.ts(97,25): error TS2304: Cannot find name 'Set'.
[0] node_modules/angular2/src/facade/lang.d.ts(13,17): error TS2304: Cannot find name 'Map'.
[0] node_modules/angular2/src/facade/lang.d.ts(14,17): error TS2304: Cannot find name 'Set'.
[0] node_modules/angular2/src/facade/lang.d.ts(78,59): error TS2304: Cannot find name 'Map'.
[0] node_modules/angular2/src/facade/promise.d.ts(2,14): error TS2304: Cannot find name 'Promise'.
[0] node_modules/angular2/src/facade/promise.d.ts(7,32): error TS2304: Cannot find name 'Promise'.
[0] node_modules/angular2/src/facade/promise.d.ts(8,38): error TS2304: Cannot find name 'Promise'.
[0] node_modules/angular2/src/facade/promise.d.ts(9,35): error TS2304: Cannot find name 'Promise'.
[0] node_modules/angular2/src/facade/promise.d.ts(9,93): error TS2304: Cannot find name 'Promise'.
[0] node_modules/angular2/src/facade/promise.d.ts(10,34): error TS2304: Cannot find name 'Promise'.
[0] node_modules/angular2/src/facade/promise.d.ts(11,32): error TS2304: Cannot find name 'Promise'.
[0] node_modules/angular2/src/facade/promise.d.ts(11,149): error TS2304: Cannot find name 'Promise'.
[0] node_modules/angular2/src/facade/promise.d.ts(12,43): error TS2304: Cannot find name 'Promise'.
[0] node_modules/angular2/src/platform/browser/browser_adapter.d.ts(75,33): error TS2304: Cannot find name 'Map'.
[0] node_modules/angular2/src/platform/dom/dom_adapter.d.ts(85,42): error TS2304: Cannot find name 'Map'.
[0] node_modules/rxjs/CoreOperators.d.ts(35,67): error TS2304: Cannot find name 'Promise'.
[0] node_modules/rxjs/CoreOperators.d.ts(50,66): error TS2304: Cannot find name 'Promise'.
[0] node_modules/rxjs/CoreOperators.d.ts(89,67): error TS2304: Cannot find name 'Promise'.
[0] node_modules/rxjs/CoreOperators.d.ts(94,38): error TS2304: Cannot find name 'Promise'.
[0] node_modules/rxjs/CoreOperators.d.ts(94,50): error TS2304: Cannot find name 'Promise'.
[0] node_modules/rxjs/Observable.d.ts(46,62): error TS2304: Cannot find name 'Promise'.
[0] node_modules/rxjs/Observable.d.ts(47,42): error TS2304: Cannot find name 'Iterator'.
[0] node_modules/rxjs/Observable.d.ts(103,74): error TS2304: Cannot find name 'Promise'.
[0] node_modules/rxjs/Observable.d.ts(103,84): error TS2304: Cannot find name 'Promise'.
[0] node_modules/rxjs/Observable.d.ts(143,66): error TS2304: Cannot find name 'Promise'.
[0] node_modules/rxjs/Observable.d.ts(158,65): error TS2304: Cannot find name 'Promise'.
[0] node_modules/rxjs/Observable.d.ts(201,66): error TS2304: Cannot find name 'Promise'.
[0] node_modules/rxjs/Observable.d.ts(206,38): error TS2304: Cannot find name 'Promise'.
[0] node_modules/rxjs/Observable.d.ts(206,50): error TS2304: Cannot find name 'Promise'.
[0] node_modules/rxjs/observable/ForkJoinObservable.d.ts(6,50): error TS2304: Cannot find name 'Promise'.
[0] node_modules/rxjs/observable/ForkJoinObservable.d.ts(7,58): error TS2304: Cannot find name 'Promise'.
[0] node_modules/rxjs/observable/FromObservable.d.ts(7,38): error TS2304: Cannot find name 'Promise'.
[0] node_modules/rxjs/observable/FromObservable.d.ts(7,51): error TS2304: Cannot find name 'Iterator'.
[0] node_modules/rxjs/observable/PromiseObservable.d.ts(9,31): error TS2304: Cannot find name 'Promise'.
[0] node_modules/rxjs/observable/PromiseObservable.d.ts(10,26): error TS2304: Cannot find name 'Promise'.
[0] app/app.ts(3,28): error TS2307: Cannot find module 'app/component/EmployeeGrid'.
[0] app/component/EmployeeGrid.ts(3,29): error TS2307: Cannot find module 'app/Component/EmployeePopup'.
[0] app/component/EmployeeGrid.ts(55,5): error TS2322: Type '{}' is not assignable to type '{ id: number; name: string; email: string; phone: string; sex: string; }'.
[0]   Property 'id' is missing in type '{}'.
[0] 1:25:24 PM - Compilation complete. Watching for file changes.
[1] [BS] File changed: app/app.js
[1] [BS] File changed: app/component/EmployeeGrid.js
[1] [BS] File changed: app/component/EmployeePopup.js
[1] [BS] File changed: app/app.js
[1] [90m17.01.16 13:25:24[0m [36m304[0m [35mGET[0m [90m/index.html[0m
[1] [BS] File changed: app/component/EmployeeGrid.js
[1] [BS] File changed: app/component/EmployeePopup.js
[1] [90m17.01.16 13:25:24[0m [36m304[0m [35mGET[0m [90m/index.html[0m
[1] [90m17.01.16 13:25:28[0m [36m304[0m [35mGET[0m [90m/index.html[0m
[1] [90m17.01.16 13:25:33[0m [36m304[0m [35mGET[0m [90m/app/app.ts[0m
[1] [90m17.01.16 13:25:33[0m [36m304[0m [35mGET[0m [90m/app/component/EmployeeGrid.ts[0m
[1] [90m17.01.16 13:25:33[0m [36m304[0m [35mGET[0m [90m/app/Component/EmployeePopup.ts[0m
[1] [90m17.01.16 13:25:33[0m [36m304[0m [35mGET[0m [90m/app/app.ts[0m
[1] [90m17.01.16 13:25:34[0m [36m304[0m [35mGET[0m [90m/app/component/EmployeeGrid.ts[0m
[1] [90m17.01.16 13:25:34[0m [36m304[0m [35mGET[0m [90m/app/html/main.html[0m
[1] [90m17.01.16 13:25:34[0m [36m304[0m [35mGET[0m [90m/app/html/grid.html[0m
[1] [90m17.01.16 13:25:34[0m [36m304[0m [35mGET[0m [90m/app/html/popup.html[0m
[1] [90m17.01.16 13:25:34[0m [36m304[0m [35mGET[0m [90m/app/Component/EmployeePopup.ts[0m
[1] [90m17.01.16 13:25:34[0m [36m304[0m [35mGET[0m [90m/app/html/main.html[0m
[1] [90m17.01.16 13:25:34[0m [36m304[0m [35mGET[0m [90m/app/html/grid.html[0m
[1] [90m17.01.16 13:25:34[0m [36m304[0m [35mGET[0m [90m/app/html/popup.html[0m

> angular2-demo@1.0.0 start /Users/jaspreetsingh/Downloads/angular2-seed
> concurrent "npm run tsc:w" "npm run lite" 

[0] 
[0] > angular2-demo@1.0.0 tsc:w /Users/jaspreetsingh/Downloads/angular2-seed
[0] > tsc -w
[0] 
[1] 
[1] > angular2-demo@1.0.0 lite /Users/jaspreetsingh/Downloads/angular2-seed
[1] > lite-server
[1] 
[1] Did not detect a `bs-config.json` or `bs-config.js` override file. Using lite-server defaults...
[1] ** browser-sync config **
[1] { injectChanges: false,
[1]   files: [ './**/*.{html,htm,css,js}' ],
[1]   watchOptions: { ignored: 'node_modules' },
[1]   server: { baseDir: './', middleware: [ [Function], [Function] ] } }
[1] [BS] Access URLs:
[1]  ---------------------------------------
[1]        Local: http://localhost:3004
[1]     External: http://192.168.10.180:3004
[1]  ---------------------------------------
[1]           UI: http://localhost:3005
[1]  UI External: http://192.168.10.180:3005
[1]  ---------------------------------------
[1] [BS] Serving files from: ./
[1] [BS] Watching files...
[1] [90m17.01.16 13:28:31[0m [36m304[0m [35mGET[0m [90m/index.html[0m
[1] [90m17.01.16 13:28:31[0m [36m304[0m [35mGET[0m [90m/app/app.ts[0m
[1] [90m17.01.16 13:28:31[0m [36m304[0m [35mGET[0m [90m/app/component/EmployeeGrid.ts[0m
[1] [90m17.01.16 13:28:31[0m [36m304[0m [35mGET[0m [90m/app/Component/EmployeePopup.ts[0m
[1] [90m17.01.16 13:28:32[0m [36m304[0m [35mGET[0m [90m/app/html/main.html[0m
[1] [90m17.01.16 13:28:32[0m [36m304[0m [35mGET[0m [90m/app/html/grid.html[0m
[1] [90m17.01.16 13:28:32[0m [36m304[0m [35mGET[0m [90m/app/html/popup.html[0m
[0] node_modules/angular2/platform/browser.d.ts(77,90): error TS2304: Cannot find name 'Promise'.
[0] node_modules/angular2/src/common/pipes/async_pipe.d.ts(25,38): error TS2304: Cannot find name 'Promise'.
[0] node_modules/angular2/src/core/application_ref.d.ts(83,60): error TS2304: Cannot find name 'Promise'.
[0] node_modules/angular2/src/core/application_ref.d.ts(83,146): error TS2304: Cannot find name 'Promise'.
[0] node_modules/angular2/src/core/application_ref.d.ts(96,51): error TS2304: Cannot find name 'Promise'.
[0] node_modules/angular2/src/core/application_ref.d.ts(96,147): error TS2304: Cannot find name 'Promise'.
[0] node_modules/angular2/src/core/application_ref.d.ts(133,90): error TS2304: Cannot find name 'Promise'.
[0] node_modules/angular2/src/core/application_ref.d.ts(171,81): error TS2304: Cannot find name 'Promise'.
[0] node_modules/angular2/src/core/change_detection/parser/locals.d.ts(3,14): error TS2304: Cannot find name 'Map'.
[0] node_modules/angular2/src/core/change_detection/parser/locals.d.ts(4,42): error TS2304: Cannot find name 'Map'.
[0] node_modules/angular2/src/core/debug/debug_node.d.ts(14,13): error TS2304: Cannot find name 'Map'.
[0] node_modules/angular2/src/core/debug/debug_node.d.ts(24,17): error TS2304: Cannot find name 'Map'.
[0] node_modules/angular2/src/core/debug/debug_node.d.ts(25,17): error TS2304: Cannot find name 'Map'.
[0] node_modules/angular2/src/core/di/provider.d.ts(436,103): error TS2304: Cannot find name 'Map'.
[0] node_modules/angular2/src/core/di/provider.d.ts(436,135): error TS2304: Cannot find name 'Map'.
[0] node_modules/angular2/src/core/linker/compiler.d.ts(12,50): error TS2304: Cannot find name 'Promise'.
[0] node_modules/angular2/src/core/linker/compiler.d.ts(16,41): error TS2304: Cannot find name 'Promise'.
[0] node_modules/angular2/src/core/linker/dynamic_component_loader.d.ts(108,136): error TS2304: Cannot find name 'Promise'.
[0] node_modules/angular2/src/core/linker/dynamic_component_loader.d.ts(156,150): error TS2304: Cannot find name 'Promise'.
[0] node_modules/angular2/src/core/linker/dynamic_component_loader.d.ts(197,128): error TS2304: Cannot find name 'Promise'.
[0] node_modules/angular2/src/core/linker/dynamic_component_loader.d.ts(203,127): error TS2304: Cannot find name 'Promise'.
[0] node_modules/angular2/src/core/linker/dynamic_component_loader.d.ts(204,141): error TS2304: Cannot find name 'Promise'.
[0] node_modules/angular2/src/core/linker/dynamic_component_loader.d.ts(205,119): error TS2304: Cannot find name 'Promise'.
[0] node_modules/angular2/src/core/render/api.d.ts(13,13): error TS2304: Cannot find name 'Map'.
[0] node_modules/angular2/src/core/render/api.d.ts(14,84): error TS2304: Cannot find name 'Map'.
[0] node_modules/angular2/src/facade/async.d.ts(27,33): error TS2304: Cannot find name 'Promise'.
[0] node_modules/angular2/src/facade/async.d.ts(28,45): error TS2304: Cannot find name 'Promise'.
[0] node_modules/angular2/src/facade/collection.d.ts(1,25): error TS2304: Cannot find name 'MapConstructor'.
[0] node_modules/angular2/src/facade/collection.d.ts(2,25): error TS2304: Cannot find name 'SetConstructor'.
[0] node_modules/angular2/src/facade/collection.d.ts(4,27): error TS2304: Cannot find name 'Map'.
[0] node_modules/angular2/src/facade/collection.d.ts(4,39): error TS2304: Cannot find name 'Map'.
[0] node_modules/angular2/src/facade/collection.d.ts(7,9): error TS2304: Cannot find name 'Map'.
[0] node_modules/angular2/src/facade/collection.d.ts(8,30): error TS2304: Cannot find name 'Map'.
[0] node_modules/angular2/src/facade/collection.d.ts(11,43): error TS2304: Cannot find name 'Map'.
[0] node_modules/angular2/src/facade/collection.d.ts(12,27): error TS2304: Cannot find name 'Map'.
[0] node_modules/angular2/src/facade/collection.d.ts(14,23): error TS2304: Cannot find name 'Map'.
[0] node_modules/angular2/src/facade/collection.d.ts(15,25): error TS2304: Cannot find name 'Map'.
[0] node_modules/angular2/src/facade/collection.d.ts(95,41): error TS2304: Cannot find name 'Set'.
[0] node_modules/angular2/src/facade/collection.d.ts(96,22): error TS2304: Cannot find name 'Set'.
[0] node_modules/angular2/src/facade/collection.d.ts(97,25): error TS2304: Cannot find name 'Set'.
[0] node_modules/angular2/src/facade/lang.d.ts(13,17): error TS2304: Cannot find name 'Map'.
[0] node_modules/angular2/src/facade/lang.d.ts(14,17): error TS2304: Cannot find name 'Set'.
[0] node_modules/angular2/src/facade/lang.d.ts(78,59): error TS2304: Cannot find name 'Map'.
[0] node_modules/angular2/src/facade/promise.d.ts(2,14): error TS2304: Cannot find name 'Promise'.
[0] node_modules/angular2/src/facade/promise.d.ts(7,32): error TS2304: Cannot find name 'Promise'.
[0] node_modules/angular2/src/facade/promise.d.ts(8,38): error TS2304: Cannot find name 'Promise'.
[0] node_modules/angular2/src/facade/promise.d.ts(9,35): error TS2304: Cannot find name 'Promise'.
[0] node_modules/angular2/src/facade/promise.d.ts(9,93): error TS2304: Cannot find name 'Promise'.
[0] node_modules/angular2/src/facade/promise.d.ts(10,34): error TS2304: Cannot find name 'Promise'.
[0] node_modules/angular2/src/facade/promise.d.ts(11,32): error TS2304: Cannot find name 'Promise'.
[0] node_modules/angular2/src/facade/promise.d.ts(11,149): error TS2304: Cannot find name 'Promise'.
[0] node_modules/angular2/src/facade/promise.d.ts(12,43): error TS2304: Cannot find name 'Promise'.
[0] node_modules/angular2/src/platform/browser/browser_adapter.d.ts(75,33): error TS2304: Cannot find name 'Map'.
[0] node_modules/angular2/src/platform/dom/dom_adapter.d.ts(85,42): error TS2304: Cannot find name 'Map'.
[0] node_modules/rxjs/CoreOperators.d.ts(35,67): error TS2304: Cannot find name 'Promise'.
[0] node_modules/rxjs/CoreOperators.d.ts(50,66): error TS2304: Cannot find name 'Promise'.
[0] node_modules/rxjs/CoreOperators.d.ts(89,67): error TS2304: Cannot find name 'Promise'.
[0] node_modules/rxjs/CoreOperators.d.ts(94,38): error TS2304: Cannot find name 'Promise'.
[0] node_modules/rxjs/CoreOperators.d.ts(94,50): error TS2304: Cannot find name 'Promise'.
[0] node_modules/rxjs/Observable.d.ts(46,62): error TS2304: Cannot find name 'Promise'.
[0] node_modules/rxjs/Observable.d.ts(47,42): error TS2304: Cannot find name 'Iterator'.
[0] node_modules/rxjs/Observable.d.ts(103,74): error TS2304: Cannot find name 'Promise'.
[0] node_modules/rxjs/Observable.d.ts(103,84): error TS2304: Cannot find name 'Promise'.
[0] node_modules/rxjs/Observable.d.ts(143,66): error TS2304: Cannot find name 'Promise'.
[0] node_modules/rxjs/Observable.d.ts(158,65): error TS2304: Cannot find name 'Promise'.
[0] node_modules/rxjs/Observable.d.ts(201,66): error TS2304: Cannot find name 'Promise'.
[0] node_modules/rxjs/Observable.d.ts(206,38): error TS2304: Cannot find name 'Promise'.
[0] node_modules/rxjs/Observable.d.ts(206,50): error TS2304: Cannot find name 'Promise'.
[0] node_modules/rxjs/observable/ForkJoinObservable.d.ts(6,50): error TS2304: Cannot find name 'Promise'.
[0] node_modules/rxjs/observable/ForkJoinObservable.d.ts(7,58): error TS2304: Cannot find name 'Promise'.
[0] node_modules/rxjs/observable/FromObservable.d.ts(7,38): error TS2304: Cannot find name 'Promise'.
[0] node_modules/rxjs/observable/FromObservable.d.ts(7,51): error TS2304: Cannot find name 'Iterator'.
[0] node_modules/rxjs/observable/PromiseObservable.d.ts(9,31): error TS2304: Cannot find name 'Promise'.
[0] node_modules/rxjs/observable/PromiseObservable.d.ts(10,26): error TS2304: Cannot find name 'Promise'.
[0] app/app.ts(3,28): error TS2307: Cannot find module 'app/component/EmployeeGrid'.
[0] app/component/EmployeeGrid.ts(3,29): error TS2307: Cannot find module 'app/Component/EmployeePopup'.
[0] app/component/EmployeeGrid.ts(55,5): error TS2322: Type '{}' is not assignable to type '{ id: number; name: string; email: string; phone: string; sex: string; }'.
[0]   Property 'id' is missing in type '{}'.
[1] [BS] File changed: app/app.js
[1] [BS] File changed: app/app.js
[1] [BS] File changed: app/component/EmployeeGrid.js
[1] [90m17.01.16 13:28:32[0m [36m304[0m [35mGET[0m [90m/index.html[0m
[1] [BS] File changed: app/component/EmployeeGrid.js
[0] 1:28:32 PM - Compilation complete. Watching for file changes.
[1] [BS] File changed: app/component/EmployeePopup.js
[1] [BS] File changed: app/component/EmployeePopup.js
[1] [90m17.01.16 13:28:52[0m [36m304[0m [35mGET[0m [90m/app/app.ts[0m
[1] [90m17.01.16 13:28:52[0m [36m304[0m [35mGET[0m [90m/app/component/EmployeeGrid.ts[0m
[1] [90m17.01.16 13:28:52[0m [36m304[0m [35mGET[0m [90m/app/Component/EmployeePopup.ts[0m
[1] [90m17.01.16 13:28:52[0m [36m304[0m [35mGET[0m [90m/app/html/main.html[0m
[1] [90m17.01.16 13:28:52[0m [36m304[0m [35mGET[0m [90m/app/html/grid.html[0m
[1] [90m17.01.16 13:28:52[0m [36m304[0m [35mGET[0m [90m/app/html/popup.html[0m

> angular2-demo@1.0.0 start /Users/jaspreetsingh/Downloads/angular2-seed
> concurrent "npm run tsc:w" "npm run lite" 

"concurrent" command is deprecated, use "concurrently" instead.

[1] 
[1] > angular2-demo@1.0.0 lite /Users/jaspreetsingh/Downloads/angular2-seed
[1] > lite-server
[1] 
[0] 
[0] > angular2-demo@1.0.0 tsc:w /Users/jaspreetsingh/Downloads/angular2-seed
[0] > tsc -w
[0] 
[1] Did not detect a `bs-config.json` or `bs-config.js` override file. Using lite-server defaults...
[1] ** browser-sync config **
[1] { injectChanges: false,
[1]   files: [ './**/*.{html,htm,css,js}' ],
[1]   watchOptions: { ignored: 'node_modules' },
[1]   server: { baseDir: './', middleware: [ [Function], [Function] ] } }
[1] [BS] Access URLs:
[1]  ---------------------------------------
[1]        Local: http://localhost:3004
[1]     External: http://192.168.10.180:3004
[1]  ---------------------------------------
[1]           UI: http://localhost:3005
[1]  UI External: http://192.168.10.180:3005
[1]  ---------------------------------------
[1] [BS] Serving files from: ./
[1] [BS] Watching files...
[1] [90m17.01.16 13:34:21[0m [36m304[0m [35mGET[0m [90m/index.html[0m
[1] [90m17.01.16 13:34:22[0m [36m304[0m [35mGET[0m [90m/app/app.ts[0m
[1] [90m17.01.16 13:34:22[0m [36m304[0m [35mGET[0m [90m/app/component/EmployeeGrid.ts[0m
[1] [90m17.01.16 13:34:22[0m [36m304[0m [35mGET[0m [90m/app/Component/EmployeePopup.ts[0m
[1] [90m17.01.16 13:34:23[0m [36m304[0m [35mGET[0m [90m/app/html/main.html[0m
[1] [90m17.01.16 13:34:23[0m [36m304[0m [35mGET[0m [90m/app/html/grid.html[0m
[1] [90m17.01.16 13:34:23[0m [36m304[0m [35mGET[0m [90m/app/html/popup.html[0m
[0] node_modules/angular2/platform/browser.d.ts(77,90): error TS2304: Cannot find name 'Promise'.
[0] node_modules/angular2/src/common/pipes/async_pipe.d.ts(25,38): error TS2304: Cannot find name 'Promise'.
[0] node_modules/angular2/src/core/application_ref.d.ts(83,60): error TS2304: Cannot find name 'Promise'.
[0] node_modules/angular2/src/core/application_ref.d.ts(83,146): error TS2304: Cannot find name 'Promise'.
[0] node_modules/angular2/src/core/application_ref.d.ts(96,51): error TS2304: Cannot find name 'Promise'.
[0] node_modules/angular2/src/core/application_ref.d.ts(96,147): error TS2304: Cannot find name 'Promise'.
[0] node_modules/angular2/src/core/application_ref.d.ts(133,90): error TS2304: Cannot find name 'Promise'.
[0] node_modules/angular2/src/core/application_ref.d.ts(171,81): error TS2304: Cannot find name 'Promise'.
[0] node_modules/angular2/src/core/change_detection/parser/locals.d.ts(3,14): error TS2304: Cannot find name 'Map'.
[0] node_modules/angular2/src/core/change_detection/parser/locals.d.ts(4,42): error TS2304: Cannot find name 'Map'.
[0] node_modules/angular2/src/core/debug/debug_node.d.ts(14,13): error TS2304: Cannot find name 'Map'.
[0] node_modules/angular2/src/core/debug/debug_node.d.ts(24,17): error TS2304: Cannot find name 'Map'.
[0] node_modules/angular2/src/core/debug/debug_node.d.ts(25,17): error TS2304: Cannot find name 'Map'.
[0] node_modules/angular2/src/core/di/provider.d.ts(436,103): error TS2304: Cannot find name 'Map'.
[0] node_modules/angular2/src/core/di/provider.d.ts(436,135): error TS2304: Cannot find name 'Map'.
[0] node_modules/angular2/src/core/linker/compiler.d.ts(12,50): error TS2304: Cannot find name 'Promise'.
[0] node_modules/angular2/src/core/linker/compiler.d.ts(16,41): error TS2304: Cannot find name 'Promise'.
[0] node_modules/angular2/src/core/linker/dynamic_component_loader.d.ts(108,136): error TS2304: Cannot find name 'Promise'.
[0] node_modules/angular2/src/core/linker/dynamic_component_loader.d.ts(156,150): error TS2304: Cannot find name 'Promise'.
[0] node_modules/angular2/src/core/linker/dynamic_component_loader.d.ts(197,128): error TS2304: Cannot find name 'Promise'.
[0] node_modules/angular2/src/core/linker/dynamic_component_loader.d.ts(203,127): error TS2304: Cannot find name 'Promise'.
[0] node_modules/angular2/src/core/linker/dynamic_component_loader.d.ts(204,141): error TS2304: Cannot find name 'Promise'.
[0] node_modules/angular2/src/core/linker/dynamic_component_loader.d.ts(205,119): error TS2304: Cannot find name 'Promise'.
[0] node_modules/angular2/src/core/render/api.d.ts(13,13): error TS2304: Cannot find name 'Map'.
[0] node_modules/angular2/src/core/render/api.d.ts(14,84): error TS2304: Cannot find name 'Map'.
[0] node_modules/angular2/src/facade/async.d.ts(27,33): error TS2304: Cannot find name 'Promise'.
[0] node_modules/angular2/src/facade/async.d.ts(28,45): error TS2304: Cannot find name 'Promise'.
[0] node_modules/angular2/src/facade/collection.d.ts(1,25): error TS2304: Cannot find name 'MapConstructor'.
[0] node_modules/angular2/src/facade/collection.d.ts(2,25): error TS2304: Cannot find name 'SetConstructor'.
[0] node_modules/angular2/src/facade/collection.d.ts(4,27): error TS2304: Cannot find name 'Map'.
[0] node_modules/angular2/src/facade/collection.d.ts(4,39): error TS2304: Cannot find name 'Map'.
[0] node_modules/angular2/src/facade/collection.d.ts(7,9): error TS2304: Cannot find name 'Map'.
[0] node_modules/angular2/src/facade/collection.d.ts(8,30): error TS2304: Cannot find name 'Map'.
[0] node_modules/angular2/src/facade/collection.d.ts(11,43): error TS2304: Cannot find name 'Map'.
[0] node_modules/angular2/src/facade/collection.d.ts(12,27): error TS2304: Cannot find name 'Map'.
[0] node_modules/angular2/src/facade/collection.d.ts(14,23): error TS2304: Cannot find name 'Map'.
[0] node_modules/angular2/src/facade/collection.d.ts(15,25): error TS2304: Cannot find name 'Map'.
[0] node_modules/angular2/src/facade/collection.d.ts(95,41): error TS2304: Cannot find name 'Set'.
[0] node_modules/angular2/src/facade/collection.d.ts(96,22): error TS2304: Cannot find name 'Set'.
[0] node_modules/angular2/src/facade/collection.d.ts(97,25): error TS2304: Cannot find name 'Set'.
[0] node_modules/angular2/src/facade/lang.d.ts(13,17): error TS2304: Cannot find name 'Map'.
[0] node_modules/angular2/src/facade/lang.d.ts(14,17): error TS2304: Cannot find name 'Set'.
[0] node_modules/angular2/src/facade/lang.d.ts(78,59): error TS2304: Cannot find name 'Map'.
[0] node_modules/angular2/src/facade/promise.d.ts(2,14): error TS2304: Cannot find name 'Promise'.
[0] node_modules/angular2/src/facade/promise.d.ts(7,32): error TS2304: Cannot find name 'Promise'.
[0] node_modules/angular2/src/facade/promise.d.ts(8,38): error TS2304: Cannot find name 'Promise'.
[0] node_modules/angular2/src/facade/promise.d.ts(9,35): error TS2304: Cannot find name 'Promise'.
[0] node_modules/angular2/src/facade/promise.d.ts(9,93): error TS2304: Cannot find name 'Promise'.
[0] node_modules/angular2/src/facade/promise.d.ts(10,34): error TS2304: Cannot find name 'Promise'.
[0] node_modules/angular2/src/facade/promise.d.ts(11,32): error TS2304: Cannot find name 'Promise'.
[0] node_modules/angular2/src/facade/promise.d.ts(11,149): error TS2304: Cannot find name 'Promise'.
[0] node_modules/angular2/src/facade/promise.d.ts(12,43): error TS2304: Cannot find name 'Promise'.
[0] node_modules/angular2/src/platform/browser/browser_adapter.d.ts(75,33): error TS2304: Cannot find name 'Map'.
[0] node_modules/angular2/src/platform/dom/dom_adapter.d.ts(85,42): error TS2304: Cannot find name 'Map'.
[0] node_modules/rxjs/CoreOperators.d.ts(35,67): error TS2304: Cannot find name 'Promise'.
[0] node_modules/rxjs/CoreOperators.d.ts(50,66): error TS2304: Cannot find name 'Promise'.
[0] node_modules/rxjs/CoreOperators.d.ts(89,67): error TS2304: Cannot find name 'Promise'.
[0] node_modules/rxjs/CoreOperators.d.ts(94,38): error TS2304: Cannot find name 'Promise'.
[0] node_modules/rxjs/CoreOperators.d.ts(94,50): error TS2304: Cannot find name 'Promise'.
[0] node_modules/rxjs/Observable.d.ts(46,62): error TS2304: Cannot find name 'Promise'.
[0] node_modules/rxjs/Observable.d.ts(47,42): error TS2304: Cannot find name 'Iterator'.
[0] node_modules/rxjs/Observable.d.ts(103,74): error TS2304: Cannot find name 'Promise'.
[0] node_modules/rxjs/Observable.d.ts(103,84): error TS2304: Cannot find name 'Promise'.
[0] node_modules/rxjs/Observable.d.ts(143,66): error TS2304: Cannot find name 'Promise'.
[0] node_modules/rxjs/Observable.d.ts(158,65): error TS2304: Cannot find name 'Promise'.
[0] node_modules/rxjs/Observable.d.ts(201,66): error TS2304: Cannot find name 'Promise'.
[0] node_modules/rxjs/Observable.d.ts(206,38): error TS2304: Cannot find name 'Promise'.
[0] node_modules/rxjs/Observable.d.ts(206,50): error TS2304: Cannot find name 'Promise'.
[0] node_modules/rxjs/observable/ForkJoinObservable.d.ts(6,50): error TS2304: Cannot find name 'Promise'.
[0] node_modules/rxjs/observable/ForkJoinObservable.d.ts(7,58): error TS2304: Cannot find name 'Promise'.
[0] node_modules/rxjs/observable/FromObservable.d.ts(7,38): error TS2304: Cannot find name 'Promise'.
[0] node_modules/rxjs/observable/FromObservable.d.ts(7,51): error TS2304: Cannot find name 'Iterator'.
[0] node_modules/rxjs/observable/PromiseObservable.d.ts(9,31): error TS2304: Cannot find name 'Promise'.
[0] node_modules/rxjs/observable/PromiseObservable.d.ts(10,26): error TS2304: Cannot find name 'Promise'.
[0] app/app.ts(3,28): error TS2307: Cannot find module 'app/component/EmployeeGrid'.
[0] app/component/EmployeeGrid.ts(3,29): error TS2307: Cannot find module 'app/Component/EmployeePopup'.
[0] app/component/EmployeeGrid.ts(55,5): error TS2322: Type '{}' is not assignable to type '{ id: number; name: string; email: string; phone: string; sex: string; }'.
[0]   Property 'id' is missing in type '{}'.
[0] 1:34:23 PM - Compilation complete. Watching for file changes.
[1] [BS] File changed: app/app.js
[1] [BS] File changed: app/component/EmployeeGrid.js
[1] [BS] File changed: app/component/EmployeePopup.js
[1] [BS] File changed: app/app.js
[1] [BS] File changed: app/component/EmployeeGrid.js
[1] [BS] File changed: app/component/EmployeePopup.js
[1] [90m17.01.16 13:34:23[0m [36m304[0m [35mGET[0m [90m/index.html[0m
[1] [90m17.01.16 13:34:24[0m [36m304[0m [35mGET[0m [90m/app/app.ts[0m
[1] [90m17.01.16 13:34:24[0m [36m304[0m [35mGET[0m [90m/app/component/EmployeeGrid.ts[0m
[1] [90m17.01.16 13:34:24[0m [36m304[0m [35mGET[0m [90m/app/Component/EmployeePopup.ts[0m
[1] [90m17.01.16 13:34:25[0m [36m304[0m [35mGET[0m [90m/app/html/main.html[0m
[1] [90m17.01.16 13:34:25[0m [36m304[0m [35mGET[0m [90m/app/html/grid.html[0m
[1] [90m17.01.16 13:34:25[0m [36m304[0m [35mGET[0m [90m/app/html/popup.html[0m
[1] [90m17.01.16 13:34:51[0m [36m304[0m [35mGET[0m [90m/index.html[0m
[1] [90m17.01.16 13:34:51[0m [36m304[0m [35mGET[0m [90m/app/app.ts[0m
[1] [90m17.01.16 13:34:51[0m [36m304[0m [35mGET[0m [90m/app/component/EmployeeGrid.ts[0m
[1] [90m17.01.16 13:34:52[0m [36m304[0m [35mGET[0m [90m/app/Component/EmployeePopup.ts[0m
[1] [90m17.01.16 13:34:52[0m [36m304[0m [35mGET[0m [90m/app/html/main.html[0m
[1] [90m17.01.16 13:34:52[0m [36m304[0m [35mGET[0m [90m/app/html/grid.html[0m
[1] [90m17.01.16 13:34:52[0m [36m304[0m [35mGET[0m [90m/app/html/popup.html[0m
[1] [90m17.01.16 13:36:24[0m [36m304[0m [35mGET[0m [90m/index.html[0m
[1] [90m17.01.16 13:36:24[0m [36m304[0m [35mGET[0m [90m/app/app.ts[0m
[1] [90m17.01.16 13:36:24[0m [36m304[0m [35mGET[0m [90m/app/component/EmployeeGrid.ts[0m
[1] [90m17.01.16 13:36:24[0m [36m304[0m [35mGET[0m [90m/app/Component/EmployeePopup.ts[0m
[1] [90m17.01.16 13:36:24[0m [36m304[0m [35mGET[0m [90m/app/html/main.html[0m
[1] [90m17.01.16 13:36:24[0m [36m304[0m [35mGET[0m [90m/app/html/grid.html[0m
[1] [90m17.01.16 13:36:24[0m [36m304[0m [35mGET[0m [90m/app/html/popup.html[0m
